11:04:04 **** Build of configuration GNU ARM v10.2.1 - Debug for project BRD4104A_EFR32BG13_spi_master_polled ****
make -j16 all 
Building file: ../src/main_s1_pg1_efr.c
Building file: C:/Users/vishn/SimplicityStudio/SDKs/gecko_sdk_2/platform/common/src/sl_syscalls.c
Invoking: GNU ARM C Compiler
arm-none-eabi-gcc -g -gdwarf-2 -mcpu=cortex-m4 -mthumb -std=c99 '-DEFR32BG13P632F512GM48=1' '-DDEBUG=1' -I"C:/Users/vishn/SimplicityStudio/SDKs/gecko_sdk_2//hardware/kit/EFR32BG13_BRD4104A/config" -I"C:/Users/vishn/SimplicityStudio/SDKs/gecko_sdk_2//platform/CMSIS/Core/Include" -I"C:/Users/vishn/SimplicityStudio/SDKs/gecko_sdk_2//platform/emlib/inc" -I"C:/Users/vishn/SimplicityStudio/SDKs/gecko_sdk_2//hardware/kit/common/bsp" -I"C:/Users/vishn/SimplicityStudio/SDKs/gecko_sdk_2//platform/common/inc" -I"C:/Users/vishn/SimplicityStudio/SDKs/gecko_sdk_2//hardware/kit/common/drivers" -I"C:/Users/vishn/SimplicityStudio/SDKs/gecko_sdk_2//platform/Device/SiliconLabs/EFR32BG13P/Include" -O0 -Wall -mno-sched-prolog -fno-builtin -ffunction-sections -fdata-sections -mfpu=fpv4-sp-d16 -mfloat-abi=softfp -c -fmessage-length=0 -MMD -MP -MF"src/main_s1_pg1_efr.d" -MT"src/main_s1_pg1_efr.o" -o "src/main_s1_pg1_efr.o" "../src/main_s1_pg1_efr.c"
Invoking: GNU ARM C Compiler
Building file: C:/Users/vishn/SimplicityStudio/SDKs/gecko_sdk_2/platform/emlib/src/em_cmu.c
arm-none-eabi-gcc -g -gdwarf-2 -mcpu=cortex-m4 -mthumb -std=c99 '-DEFR32BG13P632F512GM48=1' '-DDEBUG=1' -I"C:/Users/vishn/SimplicityStudio/SDKs/gecko_sdk_2//hardware/kit/EFR32BG13_BRD4104A/config" -I"C:/Users/vishn/SimplicityStudio/SDKs/gecko_sdk_2//platform/CMSIS/Core/Include" -I"C:/Users/vishn/SimplicityStudio/SDKs/gecko_sdk_2//platform/emlib/inc" -I"C:/Users/vishn/SimplicityStudio/SDKs/gecko_sdk_2//hardware/kit/common/bsp" -I"C:/Users/vishn/SimplicityStudio/SDKs/gecko_sdk_2//platform/common/inc" -I"C:/Users/vishn/SimplicityStudio/SDKs/gecko_sdk_2//hardware/kit/common/drivers" -I"C:/Users/vishn/SimplicityStudio/SDKs/gecko_sdk_2//platform/Device/SiliconLabs/EFR32BG13P/Include" -O0 -Wall -mno-sched-prolog -fno-builtin -ffunction-sections -fdata-sections -mfpu=fpv4-sp-d16 -mfloat-abi=softfp -c -fmessage-length=0 -MMD -MP -MF"src/sl_syscalls.d" -MT"src/sl_syscalls.o" -o "src/sl_syscalls.o" "C:/Users/vishn/SimplicityStudio/SDKs/gecko_sdk_2/platform/common/src/sl_syscalls.c"
Invoking: GNU ARM C Compiler
Building file: C:/Users/vishn/SimplicityStudio/SDKs/gecko_sdk_2/platform/emlib/src/em_core.c
arm-none-eabi-gcc -g -gdwarf-2 -mcpu=cortex-m4 -mthumb -std=c99 '-DEFR32BG13P632F512GM48=1' '-DDEBUG=1' -I"C:/Users/vishn/SimplicityStudio/SDKs/gecko_sdk_2//hardware/kit/EFR32BG13_BRD4104A/config" -I"C:/Users/vishn/SimplicityStudio/SDKs/gecko_sdk_2//platform/CMSIS/Core/Include" -I"C:/Users/vishn/SimplicityStudio/SDKs/gecko_sdk_2//platform/emlib/inc" -I"C:/Users/vishn/SimplicityStudio/SDKs/gecko_sdk_2//hardware/kit/common/bsp" -I"C:/Users/vishn/SimplicityStudio/SDKs/gecko_sdk_2//platform/common/inc" -I"C:/Users/vishn/SimplicityStudio/SDKs/gecko_sdk_2//hardware/kit/common/drivers" -I"C:/Users/vishn/SimplicityStudio/SDKs/gecko_sdk_2//platform/Device/SiliconLabs/EFR32BG13P/Include" -O0 -Wall -mno-sched-prolog -fno-builtin -ffunction-sections -fdata-sections -mfpu=fpv4-sp-d16 -mfloat-abi=softfp -c -fmessage-length=0 -MMD -MP -MF"emlib/em_cmu.d" -MT"emlib/em_cmu.o" -o "emlib/em_cmu.o" "C:/Users/vishn/SimplicityStudio/SDKs/gecko_sdk_2/platform/emlib/src/em_cmu.c"
Invoking: GNU ARM C Compiler
arm-none-eabi-gcc -g -gdwarf-2 -mcpu=cortex-m4 -mthumb -std=c99 '-DEFR32BG13P632F512GM48=1' '-DDEBUG=1' -I"C:/Users/vishn/SimplicityStudio/SDKs/gecko_sdk_2//hardware/kit/EFR32BG13_BRD4104A/config" -I"C:/Users/vishn/SimplicityStudio/SDKs/gecko_sdk_2//platform/CMSIS/Core/Include" -I"C:/Users/vishn/SimplicityStudio/SDKs/gecko_sdk_2//platform/emlib/inc" -I"C:/Users/vishn/SimplicityStudio/SDKs/gecko_sdk_2//hardware/kit/common/bsp" -I"C:/Users/vishn/SimplicityStudio/SDKs/gecko_sdk_2//platform/common/inc" -I"C:/Users/vishn/SimplicityStudio/SDKs/gecko_sdk_2//hardware/kit/common/drivers" -I"C:/Users/vishn/SimplicityStudio/SDKs/gecko_sdk_2//platform/Device/SiliconLabs/EFR32BG13P/Include" -O0 -Wall -mno-sched-prolog -fno-builtin -ffunction-sections -fdata-sections -mfpu=fpv4-sp-d16 -mfloat-abi=softfp -c -fmessage-length=0 -MMD -MP -MF"emlib/em_core.d" -MT"emlib/em_core.o" -o "emlib/em_core.o" "C:/Users/vishn/SimplicityStudio/SDKs/gecko_sdk_2/platform/emlib/src/em_core.c"
Building file: C:/Users/vishn/SimplicityStudio/SDKs/gecko_sdk_2/platform/emlib/src/em_gpio.c
Invoking: GNU ARM C Compiler
Building file: C:/Users/vishn/SimplicityStudio/SDKs/gecko_sdk_2/platform/emlib/src/em_system.c
Building file: C:/Users/vishn/SimplicityStudio/SDKs/gecko_sdk_2/platform/emlib/src/em_usart.c
arm-none-eabi-gcc -g -gdwarf-2 -mcpu=cortex-m4 -mthumb -std=c99 '-DEFR32BG13P632F512GM48=1' '-DDEBUG=1' -I"C:/Users/vishn/SimplicityStudio/SDKs/gecko_sdk_2//hardware/kit/EFR32BG13_BRD4104A/config" -I"C:/Users/vishn/SimplicityStudio/SDKs/gecko_sdk_2//platform/CMSIS/Core/Include" -I"C:/Users/vishn/SimplicityStudio/SDKs/gecko_sdk_2//platform/emlib/inc" -I"C:/Users/vishn/SimplicityStudio/SDKs/gecko_sdk_2//hardware/kit/common/bsp" -I"C:/Users/vishn/SimplicityStudio/SDKs/gecko_sdk_2//platform/common/inc" -I"C:/Users/vishn/SimplicityStudio/SDKs/gecko_sdk_2//hardware/kit/common/drivers" -I"C:/Users/vishn/SimplicityStudio/SDKs/gecko_sdk_2//platform/Device/SiliconLabs/EFR32BG13P/Include" -O0 -Wall -mno-sched-prolog -fno-builtin -ffunction-sections -fdata-sections -mfpu=fpv4-sp-d16 -mfloat-abi=softfp -c -fmessage-length=0 -MMD -MP -MF"emlib/em_gpio.d" -MT"emlib/em_gpio.o" -o "emlib/em_gpio.o" "C:/Users/vishn/SimplicityStudio/SDKs/gecko_sdk_2/platform/emlib/src/em_gpio.c"
Invoking: GNU ARM C Compiler
Invoking: GNU ARM C Compiler
Building file: C:/Users/vishn/SimplicityStudio/SDKs/gecko_sdk_2/platform/Device/SiliconLabs/EFR32BG13P/Source/GCC/startup_efr32bg13p.S
arm-none-eabi-gcc -g -gdwarf-2 -mcpu=cortex-m4 -mthumb -std=c99 '-DEFR32BG13P632F512GM48=1' '-DDEBUG=1' -I"C:/Users/vishn/SimplicityStudio/SDKs/gecko_sdk_2//hardware/kit/EFR32BG13_BRD4104A/config" -I"C:/Users/vishn/SimplicityStudio/SDKs/gecko_sdk_2//platform/CMSIS/Core/Include" -I"C:/Users/vishn/SimplicityStudio/SDKs/gecko_sdk_2//platform/emlib/inc" -I"C:/Users/vishn/SimplicityStudio/SDKs/gecko_sdk_2//hardware/kit/common/bsp" -I"C:/Users/vishn/SimplicityStudio/SDKs/gecko_sdk_2//platform/common/inc" -I"C:/Users/vishn/SimplicityStudio/SDKs/gecko_sdk_2//hardware/kit/common/drivers" -I"C:/Users/vishn/SimplicityStudio/SDKs/gecko_sdk_2//platform/Device/SiliconLabs/EFR32BG13P/Include" -O0 -Wall -mno-sched-prolog -fno-builtin -ffunction-sections -fdata-sections -mfpu=fpv4-sp-d16 -mfloat-abi=softfp -c -fmessage-length=0 -MMD -MP -MF"emlib/em_usart.d" -MT"emlib/em_usart.o" -o "emlib/em_usart.o" "C:/Users/vishn/SimplicityStudio/SDKs/gecko_sdk_2/platform/emlib/src/em_usart.c"
arm-none-eabi-gcc -g -gdwarf-2 -mcpu=cortex-m4 -mthumb -std=c99 '-DEFR32BG13P632F512GM48=1' '-DDEBUG=1' -I"C:/Users/vishn/SimplicityStudio/SDKs/gecko_sdk_2//hardware/kit/EFR32BG13_BRD4104A/config" -I"C:/Users/vishn/SimplicityStudio/SDKs/gecko_sdk_2//platform/CMSIS/Core/Include" -I"C:/Users/vishn/SimplicityStudio/SDKs/gecko_sdk_2//platform/emlib/inc" -I"C:/Users/vishn/SimplicityStudio/SDKs/gecko_sdk_2//hardware/kit/common/bsp" -I"C:/Users/vishn/SimplicityStudio/SDKs/gecko_sdk_2//platform/common/inc" -I"C:/Users/vishn/SimplicityStudio/SDKs/gecko_sdk_2//hardware/kit/common/drivers" -I"C:/Users/vishn/SimplicityStudio/SDKs/gecko_sdk_2//platform/Device/SiliconLabs/EFR32BG13P/Include" -O0 -Wall -mno-sched-prolog -fno-builtin -ffunction-sections -fdata-sections -mfpu=fpv4-sp-d16 -mfloat-abi=softfp -c -fmessage-length=0 -MMD -MP -MF"emlib/em_system.d" -MT"emlib/em_system.o" -o "emlib/em_system.o" "C:/Users/vishn/SimplicityStudio/SDKs/gecko_sdk_2/platform/emlib/src/em_system.c"
Invoking: GNU ARM Assembler
arm-none-eabi-gcc -g -gdwarf-2 -mcpu=cortex-m4 -mthumb -I"C:/Users/vishn/SimplicityStudio/SDKs/gecko_sdk_2//hardware/kit/EFR32BG13_BRD4104A/config" -I"C:/Users/vishn/SimplicityStudio/SDKs/gecko_sdk_2//platform/CMSIS/Core/Include" -I"C:/Users/vishn/SimplicityStudio/SDKs/gecko_sdk_2//platform/emlib/inc" -I"C:/Users/vishn/SimplicityStudio/SDKs/gecko_sdk_2//hardware/kit/common/bsp" -I"C:/Users/vishn/SimplicityStudio/SDKs/gecko_sdk_2//platform/common/inc" -I"C:/Users/vishn/SimplicityStudio/SDKs/gecko_sdk_2//hardware/kit/common/drivers" -I"C:/Users/vishn/SimplicityStudio/SDKs/gecko_sdk_2//platform/Device/SiliconLabs/EFR32BG13P/Include" '-DEFR32BG13P632F512GM48=1' -mfpu=fpv4-sp-d16 -mfloat-abi=softfp -c -x assembler-with-cpp -o "CMSIS/EFR32BG13P/startup_efr32bg13p.o" "C:/Users/vishn/SimplicityStudio/SDKs/gecko_sdk_2/platform/Device/SiliconLabs/EFR32BG13P/Source/GCC/startup_efr32bg13p.S"
Building file: C:/Users/vishn/SimplicityStudio/SDKs/gecko_sdk_2/platform/Device/SiliconLabs/EFR32BG13P/Source/system_efr32bg13p.c
Invoking: GNU ARM C Compiler
arm-none-eabi-gcc -g -gdwarf-2 -mcpu=cortex-m4 -mthumb -std=c99 '-DEFR32BG13P632F512GM48=1' '-DDEBUG=1' -I"C:/Users/vishn/SimplicityStudio/SDKs/gecko_sdk_2//hardware/kit/EFR32BG13_BRD4104A/config" -I"C:/Users/vishn/SimplicityStudio/SDKs/gecko_sdk_2//platform/CMSIS/Core/Include" -I"C:/Users/vishn/SimplicityStudio/SDKs/gecko_sdk_2//platform/emlib/inc" -I"C:/Users/vishn/SimplicityStudio/SDKs/gecko_sdk_2//hardware/kit/common/bsp" -I"C:/Users/vishn/SimplicityStudio/SDKs/gecko_sdk_2//platform/common/inc" -I"C:/Users/vishn/SimplicityStudio/SDKs/gecko_sdk_2//hardware/kit/common/drivers" -I"C:/Users/vishn/SimplicityStudio/SDKs/gecko_sdk_2//platform/Device/SiliconLabs/EFR32BG13P/Include" -O0 -Wall -mno-sched-prolog -fno-builtin -ffunction-sections -fdata-sections -mfpu=fpv4-sp-d16 -mfloat-abi=softfp -c -fmessage-length=0 -MMD -MP -MF"CMSIS/EFR32BG13P/system_efr32bg13p.d" -MT"CMSIS/EFR32BG13P/system_efr32bg13p.o" -o "CMSIS/EFR32BG13P/system_efr32bg13p.o" "C:/Users/vishn/SimplicityStudio/SDKs/gecko_sdk_2/platform/Device/SiliconLabs/EFR32BG13P/Source/system_efr32bg13p.c"
Finished building: C:/Users/vishn/SimplicityStudio/SDKs/gecko_sdk_2/platform/common/src/sl_syscalls.c
Finished building: C:/Users/vishn/SimplicityStudio/SDKs/gecko_sdk_2/platform/Device/SiliconLabs/EFR32BG13P/Source/GCC/startup_efr32bg13p.S
 
 
Finished building: C:/Users/vishn/SimplicityStudio/SDKs/gecko_sdk_2/platform/Device/SiliconLabs/EFR32BG13P/Source/system_efr32bg13p.c
 
Finished building: C:/Users/vishn/SimplicityStudio/SDKs/gecko_sdk_2/platform/emlib/src/em_system.c
Finished building: C:/Users/vishn/SimplicityStudio/SDKs/gecko_sdk_2/platform/emlib/src/em_core.c
Finished building: ../src/main_s1_pg1_efr.c
Finished building: C:/Users/vishn/SimplicityStudio/SDKs/gecko_sdk_2/platform/emlib/src/em_usart.c
 
 
 
 
Finished building: C:/Users/vishn/SimplicityStudio/SDKs/gecko_sdk_2/platform/emlib/src/em_gpio.c
 
Finished building: C:/Users/vishn/SimplicityStudio/SDKs/gecko_sdk_2/platform/emlib/src/em_cmu.c
 
Building target: BRD4104A_EFR32BG13_spi_master_polled.axf
Invoking: GNU ARM C Linker
arm-none-eabi-gcc -g -gdwarf-2 -mcpu=cortex-m4 -mthumb -T "BRD4104A_EFR32BG13_spi_master_polled.ld" -Wl,--no-warn-rwx-segments -Xlinker --gc-sections -Xlinker -Map="BRD4104A_EFR32BG13_spi_master_polled.map" -mfpu=fpv4-sp-d16 -mfloat-abi=softfp --specs=nano.specs -o BRD4104A_EFR32BG13_spi_master_polled.axf "./CMSIS/EFR32BG13P/startup_efr32bg13p.o" "./CMSIS/EFR32BG13P/system_efr32bg13p.o" "./emlib/em_cmu.o" "./emlib/em_core.o" "./emlib/em_gpio.o" "./emlib/em_system.o" "./emlib/em_usart.o" "./src/main_s1_pg1_efr.o" "./src/sl_syscalls.o" -Wl,--start-group -lgcc -lc -lnosys -Wl,--end-group
c:/siliconlabs/simplicitystudio/v5/developer/toolchains/gnu_arm/10.2_2020q4/bin/../lib/gcc/arm-none-eabi/10.2.1/../../../../arm-none-eabi/bin/ld.exe: unrecognized option '--no-warn-rwx-segments'
c:/siliconlabs/simplicitystudio/v5/developer/toolchains/gnu_arm/10.2_2020q4/bin/../lib/gcc/arm-none-eabi/10.2.1/../../../../arm-none-eabi/bin/ld.exe: use the --help option for usage information
collect2.exe: error: ld returned 1 exit status
make: *** [makefile:48: BRD4104A_EFR32BG13_spi_master_polled.axf] Error 1
"make -j16 all" terminated with exit code 2. Build might be incomplete.

11:04:08 Build Failed. 3 errors, 0 warnings. (took 4s.424ms)

